<?xml version="1.0" encoding="UTF-8"?>
<testng-results skipped="0" failed="0" total="5" passed="5">
  <reporter-output>
  </reporter-output>
  <suite name="Default suite" duration-ms="79797" started-at="2020-05-20T06:43:38Z" finished-at="2020-05-20T06:44:58Z">
    <groups>
    </groups>
    <test name="Default test" duration-ms="79797" started-at="2020-05-20T06:43:38Z" finished-at="2020-05-20T06:44:58Z">
      <class name="com.simpleTransfer.qa.TesrCase.LoginPageTest">
        <test-method status="PASS" signature="LaunchBrowser()[pri:0, instance:com.simpleTransfer.qa.TesrCase.LoginPageTest@309e345f]" name="LaunchBrowser" is-config="true" duration-ms="12873" started-at="2020-05-20T12:28:38Z" finished-at="2020-05-20T12:28:51Z">
          <reporter-output>
          </reporter-output>
        </test-method> <!-- LaunchBrowser -->
        <test-method status="PASS" signature="getLoginTest()[pri:1, instance:com.simpleTransfer.qa.TesrCase.LoginPageTest@309e345f]" name="getLoginTest" duration-ms="57580" started-at="2020-05-20T12:28:51Z" finished-at="2020-05-20T12:29:49Z">
          <reporter-output>
          </reporter-output>
        </test-method> <!-- getLoginTest -->
        <test-method status="PASS" signature="clickCorrespondant()[pri:2, instance:com.simpleTransfer.qa.TesrCase.LoginPageTest@309e345f]" name="clickCorrespondant" duration-ms="3101" started-at="2020-05-20T12:29:49Z" finished-at="2020-05-20T12:29:52Z">
          <reporter-output>
          </reporter-output>
        </test-method> <!-- clickCorrespondant -->
        <test-method status="PASS" signature="clickBankMapTest()[pri:3, instance:com.simpleTransfer.qa.TesrCase.LoginPageTest@309e345f]" name="clickBankMapTest" duration-ms="2708" started-at="2020-05-20T12:29:52Z" finished-at="2020-05-20T12:29:55Z">
          <reporter-output>
          </reporter-output>
        </test-method> <!-- clickBankMapTest -->
        <test-method status="PASS" signature="getValuefromDropDwonTest()[pri:4, instance:com.simpleTransfer.qa.TesrCase.LoginPageTest@309e345f]" name="getValuefromDropDwonTest" duration-ms="3173" started-at="2020-05-20T12:29:55Z" finished-at="2020-05-20T12:29:58Z">
          <reporter-output>
          </reporter-output>
        </test-method> <!-- getValuefromDropDwonTest -->
        <test-method status="PASS" signature="getAttributeTestss()[pri:5, instance:com.simpleTransfer.qa.TesrCase.LoginPageTest@309e345f]" name="getAttributeTestss" duration-ms="345" started-at="2020-05-20T12:29:58Z" finished-at="2020-05-20T12:29:58Z">
          <reporter-output>
          </reporter-output>
        </test-method> <!-- getAttributeTestss -->
      </class> <!-- com.simpleTransfer.qa.TesrCase.LoginPageTest -->
    </test> <!-- Default test -->
  </suite> <!-- Default suite -->
</testng-results>
